<?xml version="1.0" encoding="UTF-8"?>
<!-- Generated by org.testng.reporters.JUnitXMLReporter -->
<testsuite ignored="0" hostname="DESKTOP-4O5S6AS" failures="0" tests="7" name="mytest" time="12.234" errors="0" timestamp="2025-10-08T12:35:45 PDT">
  <testcase classname="Sep37.ttng1" name="homepage" time="5.619"/>
  <testcase classname="Sep37.ttng1" name="logo" time="5.163"/>
  <testcase classname="Sep37.ttng1" name="login" time="0.851"/>
  <testcase classname="Sep37.ttng1" name="logout" time="0.447"/>
  <testcase classname="Sep37.testng" name="openapp" time="0.003"/>
  <testcase classname="Sep37.testng" name="login" time="0.003"/>
  <testcase classname="Sep37.testng" name="logout" time="0.0"/>
</testsuite> <!-- mytest -->
