<?xml version="1.0" encoding="UTF-8"?>
<!-- Generated by org.testng.reporters.JUnitXMLReporter -->
<testsuite ignored="0" hostname="DESKTOP-4O5S6AS" failures="1" tests="7" name="ChromeTest" time="175.178" errors="0" timestamp="2025-11-15T20:47:27 PST">
  <testcase classname="Tc28.TC_01_TestRegister" name="testregister" time="16.512"/>
  <testcase classname="Tc28.TC_02_TestLogin" name="loginvalid" time="4.959"/>
  <testcase classname="Tc28.TC_03_TestDD" name="testdd" time="5.516"/>
  <testcase classname="Tc28.TC_03_TestDD" name="testdd" time="5.129">
    <failure type="java.lang.AssertionError" message="expected [true] but found [false]">
      <![CDATA[java.lang.AssertionError: expected [true] but found [false]
at Tc28.TC_03_TestDD.testdd(TC_03_TestDD.java:48)
at java.base/java.util.ArrayList.forEach(ArrayList.java:1596)
... Removed 29 stack frames]]>
    </failure>
  </testcase> <!-- testdd -->
  <testcase classname="Tc28.TC_03_TestDD" name="testdd" time="12.164"/>
  <testcase classname="Tc28.TC_03_TestDD" name="testdd" time="13.899"/>
  <testcase classname="Tc28.TC_03_TestDD" name="testdd" time="5.73"/>
</testsuite> <!-- ChromeTest -->
