<?xml version="1.0" encoding="UTF-8"?>
<!-- Generated by org.testng.reporters.JUnitXMLReporter -->
<testsuite ignored="0" hostname="DESKTOP-4O5S6AS" failures="0" tests="3" name="EdgeTest" time="24.547" errors="0" timestamp="2025-11-14T14:25:24 PST">
  <testcase classname="Tc28.TC_01_TestRegister" name="testregister" time="3.569"/>
  <testcase classname="Tc28.TC_02_TestLogin" name="loginvalid" time="2.409"/>
  <testcase classname="Tc28.TC_03_TestDD" name="testdd" time="2.898"/>
</testsuite> <!-- EdgeTest -->
