<?xml version="1.0" encoding="UTF-8"?>
<!-- Generated by org.testng.reporters.JUnitXMLReporter -->
<testsuite ignored="0" hostname="DESKTOP-4O5S6AS" failures="0" tests="2" name="EdgeTest" time="7.409" errors="0" timestamp="2025-11-12T22:38:20 PST">
  <testcase classname="Tc18.TC_001_TestRegister" name="register" time="0.0">
    <skipped/>
  </testcase> <!-- register -->
  <testcase classname="Tc18.TC_002_TestLogin" name="loginval" time="0.0">
    <skipped/>
  </testcase> <!-- loginval -->
</testsuite> <!-- EdgeTest -->
