<?xml version="1.0" encoding="UTF-8"?>
<!-- Generated by org.testng.reporters.JUnitXMLReporter -->
<testsuite ignored="0" hostname="DESKTOP-4O5S6AS" failures="1" tests="2" name="FirefoxTest" time="59.557" errors="0" timestamp="2025-11-12T22:39:20 PST">
  <testcase classname="Tc18.TC_001_TestRegister" name="register" time="2.431">
    <failure type="java.lang.AssertionError" message="expected [Your Account Has Been Created] but found [Your Account Has Been Created!]">
      <![CDATA[java.lang.AssertionError: expected [Your Account Has Been Created] but found [Your Account Has Been Created!]
at Tc18.TC_001_TestRegister.register(TC_001_TestRegister.java:33)
at java.base/java.util.ArrayList.forEach(ArrayList.java:1596)
... Removed 31 stack frames]]>
    </failure>
  </testcase> <!-- register -->
  <testcase classname="Tc18.TC_002_TestLogin" name="loginval" time="1.811"/>
</testsuite> <!-- FirefoxTest -->
