<?xml version="1.0" encoding="UTF-8"?>
<!-- Generated by org.testng.reporters.JUnitXMLReporter -->
<testsuite ignored="6" hostname="DESKTOP-4O5S6AS" failures="0" tests="3" name="groupingtest" time="0.067" errors="0" timestamp="2025-10-08T23:30:28 PDT">
  <testcase classname="Sep44.paymenttest" name="paymentinrupees" time="0.01"/>
  <testcase classname="Sep44.paymenttest" name="paymentincard" time="0.001"/>
  <testcase classname="Sep44.paymenttest" name="paymentpaypal" time="0.001"/>
  <testcase classname="Sep44.logintest" name="loginbytwitter" time="0.0">
    <ignored/>
  </testcase> <!-- loginbytwitter -->
  <testcase classname="Sep44.signuptest" name="signupbytwitter" time="0.0">
    <ignored/>
  </testcase> <!-- signupbytwitter -->
  <testcase classname="Sep44.logintest" name="loginbyemail" time="0.0">
    <ignored/>
  </testcase> <!-- loginbyemail -->
  <testcase classname="Sep44.logintest" name="loginbyfacebook" time="0.0">
    <ignored/>
  </testcase> <!-- loginbyfacebook -->
  <testcase classname="Sep44.signuptest" name="signupbyemail" time="0.0">
    <ignored/>
  </testcase> <!-- signupbyemail -->
  <testcase classname="Sep44.signuptest" name="signupbyfacebook" time="0.0">
    <ignored/>
  </testcase> <!-- signupbyfacebook -->
</testsuite> <!-- groupingtest -->
