<?xml version="1.0" encoding="UTF-8"?>
<!-- Generated by org.testng.reporters.JUnitXMLReporter -->
<testsuite ignored="0" hostname="DESKTOP-4O5S6AS" failures="0" tests="7" name="EdgeTest" time="0.457" errors="0" timestamp="2025-11-15T19:30:52 PST">
  <testcase classname="Tc28.TC_01_TestRegister" name="testregister" time="0.0">
    <skipped/>
  </testcase> <!-- testregister -->
  <testcase classname="Tc28.TC_02_TestLogin" name="loginvalid" time="0.0">
    <skipped/>
  </testcase> <!-- loginvalid -->
  <testcase classname="Tc28.TC_03_TestDD" name="testdd" time="0.0">
    <skipped/>
  </testcase> <!-- testdd -->
  <testcase classname="Tc28.TC_03_TestDD" name="testdd" time="0.0">
    <skipped/>
  </testcase> <!-- testdd -->
  <testcase classname="Tc28.TC_03_TestDD" name="testdd" time="0.0">
    <skipped/>
  </testcase> <!-- testdd -->
  <testcase classname="Tc28.TC_03_TestDD" name="testdd" time="0.0">
    <skipped/>
  </testcase> <!-- testdd -->
  <testcase classname="Tc28.TC_03_TestDD" name="testdd" time="0.0">
    <skipped/>
  </testcase> <!-- testdd -->
</testsuite> <!-- EdgeTest -->
