<?xml version="1.0" encoding="UTF-8"?>
<!-- Generated by org.testng.reporters.JUnitReportReporter -->
<testsuite hostname="DESKTOP-4O5S6AS" failures="0" tests="4" name="Sep37.ttng1" time="12.080" errors="0" timestamp="2025-10-08T12:35:45 PDT" skipped="0">
  <testcase classname="Sep37.ttng1" name="homepage" time="5.619"/>
  <testcase classname="Sep37.ttng1" name="logo" time="5.163"/>
  <testcase classname="Sep37.ttng1" name="login" time="0.851"/>
  <testcase classname="Sep37.ttng1" name="logout" time="0.447"/>
</testsuite> <!-- Sep37.ttng1 -->
