<?xml version="1.0" encoding="UTF-8"?>
<!-- Generated by org.testng.reporters.JUnitReportReporter -->
<testsuite hostname="DESKTOP-4O5S6AS" failures="0" tests="3" name="Sep44.logintest" time="0.013" errors="0" timestamp="2025-10-08T23:21:35 PDT" skipped="0">
  <testcase classname="Sep44.logintest" name="loginbyemail" time="0.010"/>
  <testcase classname="Sep44.logintest" name="loginbyfacebook" time="0.001"/>
  <testcase classname="Sep44.logintest" name="loginbytwitter" time="0.002"/>
</testsuite> <!-- Sep44.logintest -->
