<?xml version="1.0" encoding="UTF-8"?>
<!-- Generated by org.testng.reporters.JUnitReportReporter -->
<testsuite hostname="DESKTOP-4O5S6AS" failures="0" tests="4" name="Sep37.testng1" time="10.090" errors="0" timestamp="2025-10-08T11:21:40 PDT" skipped="0">
  <testcase classname="Sep37.testng1" name="openapp" time="3.308"/>
  <testcase classname="Sep37.testng1" name="testlog" time="5.070"/>
  <testcase classname="Sep37.testng1" name="login" time="1.335"/>
  <testcase classname="Sep37.testng1" name="logout" time="0.377"/>
</testsuite> <!-- Sep37.testng1 -->
