<?xml version="1.0" encoding="UTF-8"?>
<!-- Generated by org.testng.reporters.JUnitReportReporter -->
<testsuite hostname="DESKTOP-4O5S6AS" failures="0" tests="3" name="Sep44.paymenttest" time="0.012" errors="0" timestamp="2025-10-08T23:30:28 PDT" skipped="0">
  <testcase classname="Sep44.paymenttest" name="paymentinrupees" time="0.010"/>
  <testcase classname="Sep44.paymenttest" name="paymentincard" time="0.001"/>
  <testcase classname="Sep44.paymenttest" name="paymentpaypal" time="0.001"/>
</testsuite> <!-- Sep44.paymenttest -->
