<?xml version="1.0" encoding="UTF-8"?>
<!-- Generated by org.testng.reporters.JUnitReportReporter -->
<testsuite hostname="DESKTOP-4O5S6AS" failures="0" tests="3" name="Sep44.signuptest" time="0.012" errors="0" timestamp="2025-10-08T23:26:01 PDT" skipped="0">
  <testcase classname="Sep44.signuptest" name="signupbyemail" time="0.009"/>
  <testcase classname="Sep44.signuptest" name="signupbyfacebook" time="0.001"/>
  <testcase classname="Sep44.signuptest" name="signupbytwitter" time="0.002"/>
</testsuite> <!-- Sep44.signuptest -->
